  Main_ProyectoFinal.cpp
D:\DECIMO SEMESTRE\COMPUTACION GRAFICA\Repositorio\315193752_ProyectoFinal_GPO8\ProyectoFinal\ProyectoFinal\Main_ProyectoFinal.cpp(165,30): warning C4244: 'initializing': conversion from 'double' to 'GLfloat', possible loss of data
D:\DECIMO SEMESTRE\COMPUTACION GRAFICA\Repositorio\315193752_ProyectoFinal_GPO8\ProyectoFinal\ProyectoFinal\Main_ProyectoFinal.cpp(383,29): warning C4305: '+=': truncation from 'double' to 'float'
D:\DECIMO SEMESTRE\COMPUTACION GRAFICA\Repositorio\315193752_ProyectoFinal_GPO8\ProyectoFinal\ProyectoFinal\Main_ProyectoFinal.cpp(391,29): warning C4305: '-=': truncation from 'double' to 'float'
D:\DECIMO SEMESTRE\COMPUTACION GRAFICA\Repositorio\315193752_ProyectoFinal_GPO8\ProyectoFinal\ProyectoFinal\Main_ProyectoFinal.cpp(500,30): warning C4305: '+=': truncation from 'double' to 'float'
D:\DECIMO SEMESTRE\COMPUTACION GRAFICA\Repositorio\315193752_ProyectoFinal_GPO8\ProyectoFinal\ProyectoFinal\Main_ProyectoFinal.cpp(508,30): warning C4305: '-=': truncation from 'double' to 'float'
D:\DECIMO SEMESTRE\COMPUTACION GRAFICA\Repositorio\315193752_ProyectoFinal_GPO8\ProyectoFinal\ProyectoFinal\Main_ProyectoFinal.cpp(563,23): warning C4305: '+=': truncation from 'double' to 'float'
D:\DECIMO SEMESTRE\COMPUTACION GRAFICA\Repositorio\315193752_ProyectoFinal_GPO8\ProyectoFinal\ProyectoFinal\Main_ProyectoFinal.cpp(564,24): warning C4305: '+=': truncation from 'double' to 'float'
D:\DECIMO SEMESTRE\COMPUTACION GRAFICA\Repositorio\315193752_ProyectoFinal_GPO8\ProyectoFinal\ProyectoFinal\Main_ProyectoFinal.cpp(572,17): warning C4244: '=': conversion from 'double' to 'GLfloat', possible loss of data
D:\DECIMO SEMESTRE\COMPUTACION GRAFICA\Repositorio\315193752_ProyectoFinal_GPO8\ProyectoFinal\ProyectoFinal\Main_ProyectoFinal.cpp(573,17): warning C4244: '=': conversion from 'double' to 'GLfloat', possible loss of data
D:\DECIMO SEMESTRE\COMPUTACION GRAFICA\Repositorio\315193752_ProyectoFinal_GPO8\ProyectoFinal\ProyectoFinal\Main_ProyectoFinal.cpp(577,21): warning C4244: 'initializing': conversion from 'double' to 'GLfloat', possible loss of data
D:\DECIMO SEMESTRE\COMPUTACION GRAFICA\Repositorio\315193752_ProyectoFinal_GPO8\ProyectoFinal\ProyectoFinal\Main_ProyectoFinal.cpp(578,21): warning C4244: 'initializing': conversion from 'double' to 'GLfloat', possible loss of data
D:\DECIMO SEMESTRE\COMPUTACION GRAFICA\Repositorio\315193752_ProyectoFinal_GPO8\ProyectoFinal\ProyectoFinal\Main_ProyectoFinal.cpp(580,13): warning C4244: '=': conversion from 'double' to 'GLfloat', possible loss of data
D:\DECIMO SEMESTRE\COMPUTACION GRAFICA\Repositorio\315193752_ProyectoFinal_GPO8\ProyectoFinal\ProyectoFinal\Main_ProyectoFinal.cpp(581,13): warning C4244: '=': conversion from 'double' to 'GLfloat', possible loss of data
LINK : warning LNK4098: defaultlib 'MSVCRT' conflicts with use of other libs; use /NODEFAULTLIB:library
soil2-debug.lib(etc1_utils.obj) : warning LNK4099: PDB 'soil2-debug.pdb' was not found with 'soil2-debug.lib(etc1_utils.obj)' or at 'D:\DECIMO SEMESTRE\COMPUTACION GRAFICA\Repositorio\315193752_ProyectoFinal_GPO8\ProyectoFinal\Debug\soil2-debug.pdb'; linking object as if no debug info
soil2-debug.lib(image_DXT.obj) : warning LNK4099: PDB 'soil2-debug.pdb' was not found with 'soil2-debug.lib(image_DXT.obj)' or at 'D:\DECIMO SEMESTRE\COMPUTACION GRAFICA\Repositorio\315193752_ProyectoFinal_GPO8\ProyectoFinal\Debug\soil2-debug.pdb'; linking object as if no debug info
soil2-debug.lib(image_helper.obj) : warning LNK4099: PDB 'soil2-debug.pdb' was not found with 'soil2-debug.lib(image_helper.obj)' or at 'D:\DECIMO SEMESTRE\COMPUTACION GRAFICA\Repositorio\315193752_ProyectoFinal_GPO8\ProyectoFinal\Debug\soil2-debug.pdb'; linking object as if no debug info
soil2-debug.lib(SOIL2.obj) : warning LNK4099: PDB 'soil2-debug.pdb' was not found with 'soil2-debug.lib(SOIL2.obj)' or at 'D:\DECIMO SEMESTRE\COMPUTACION GRAFICA\Repositorio\315193752_ProyectoFinal_GPO8\ProyectoFinal\Debug\soil2-debug.pdb'; linking object as if no debug info
  ProyectoFinal.vcxproj -> D:\DECIMO SEMESTRE\COMPUTACION GRAFICA\Repositorio\315193752_ProyectoFinal_GPO8\ProyectoFinal\Debug\ProyectoFinal.exe
